<?xml version="1.0" encoding="UTF-8"?>
<!-- Generated by org.testng.reporters.JUnitReportReporter -->
<testsuite hostname="DESKTOP-IR4AD9F" failures="0" tests="3" name="testNGPractice.FirsttestNGTest" time="0.017" errors="0" timestamp="02 Jul 2020 01:18:03 GMT" skipped="0">
  <testcase classname="testNGPractice.FirsttestNGTest" name="loginApplication" time="0.013"/>
  <testcase classname="testNGPractice.FirsttestNGTest" name="selectItems" time="0.002"/>
  <testcase classname="testNGPractice.FirsttestNGTest" name="selectDates" time="0.002"/>
</testsuite> <!-- testNGPractice.FirsttestNGTest -->
