<?xml version="1.0" encoding="UTF-8"?>
<!-- Generated by org.testng.reporters.JUnitReportReporter -->
<testsuite hostname="DESKTOP-IR4AD9F" failures="0" tests="3" name="testNGPractice.GoogleTest" time="45.919" errors="0" timestamp="07 Jul 2020 14:34:24 GMT" skipped="0">
  <testcase classname="testNGPractice.GoogleTest" name="googleTitleTest" time="19.701"/>
  <testcase classname="testNGPractice.GoogleTest" name="mailLinkTest" time="12.696"/>
  <testcase classname="testNGPractice.GoogleTest" name="googleLogoTest" time="13.522"/>
</testsuite> <!-- testNGPractice.GoogleTest -->
