<?xml version="1.0" encoding="UTF-8"?>
<!-- Generated by org.testng.reporters.JUnitReportReporter -->
<testsuite hostname="DESKTOP-IR4AD9F" failures="0" tests="1" name="testNGPractice.TestNGBasicNaveen" time="0.013" errors="0" timestamp="07 Jul 2020 14:32:56 GMT" skipped="0">
  <testcase classname="testNGPractice.TestNGBasicNaveen" name="googleTitleTest" time="0.013"/>
</testsuite> <!-- testNGPractice.TestNGBasicNaveen -->
